APP/HDDMonitor/app/build/intermediates/manifest_merge_blame_file/debug/processDebugMainManifest/manifest-merger-blame-debug-report.txt
1<?xml version="1.0" encoding="utf-8"?>
2<manifest xmlns:android="http://schemas.android.com/apk/res/android"
3    package="com.pqsolutions.hdd_monitor"
4    android:versionCode="1"
5    android:versionName="1.0" >
6
7    <uses-sdk
8        android:minSdkVersion="26"
9        android:targetSdkVersion="34" />
10
11    <uses-permission android:name="android.permission.INTERNET" />
11-->src\main\AndroidManifest.xml:4:5-66
11-->src\main\AndroidManifest.xml:4:22-64
12    <uses-permission android:name="android.permission.RECEIVE_BOOT_COMPLETED" />
12-->src\main\AndroidManifest.xml:5:5-80
12-->src\main\AndroidManifest.xml:5:22-78
13    <uses-permission android:name="android.permission.VIBRATE" />
13-->src\main\AndroidManifest.xml:6:5-65
13-->src\main\AndroidManifest.xml:6:22-63
14    <uses-permission android:name="android.permission.ACCESS_NETWORK_STATE" />
14-->[com.google.firebase:firebase-auth:23.0.0] AndroidManifest.xml:26:5-79
14-->[com.google.firebase:firebase-auth:23.0.0] AndroidManifest.xml:26:22-76
15    <uses-permission android:name="android.permission.POST_NOTIFICATIONS" />
15-->[com.google.firebase:firebase-messaging:24.0.0] AndroidManifest.xml:23:5-77
15-->[com.google.firebase:firebase-messaging:24.0.0] AndroidManifest.xml:23:22-74
16    <uses-permission android:name="android.permission.WAKE_LOCK" /> <!-- Required by older versions of Google Play services to create IID tokens -->
16-->[com.google.firebase:firebase-messaging:24.0.0] AndroidManifest.xml:24:5-68
16-->[com.google.firebase:firebase-messaging:24.0.0] AndroidManifest.xml:24:22-65
17    <uses-permission android:name="com.google.android.c2dm.permission.RECEIVE" />
17-->[com.google.firebase:firebase-messaging:24.0.0] AndroidManifest.xml:26:5-82
17-->[com.google.firebase:firebase-messaging:24.0.0] AndroidManifest.xml:26:22-79
18    <uses-permission android:name="com.google.android.providers.gsf.permission.READ_GSERVICES" />
18-->[com.google.android.recaptcha:recaptcha:18.4.0] AndroidManifest.xml:9:5-98
18-->[com.google.android.recaptcha:recaptcha:18.4.0] AndroidManifest.xml:9:22-95
19
20    <permission
20-->[androidx.core:core:1.13.1] AndroidManifest.xml:22:5-24:47
21        android:name="com.pqsolutions.hdd_monitor.DYNAMIC_RECEIVER_NOT_EXPORTED_PERMISSION"
21-->[androidx.core:core:1.13.1] AndroidManifest.xml:23:9-81
22        android:protectionLevel="signature" />
22-->[androidx.core:core:1.13.1] AndroidManifest.xml:24:9-44
23
24    <uses-permission android:name="com.pqsolutions.hdd_monitor.DYNAMIC_RECEIVER_NOT_EXPORTED_PERMISSION" />
24-->[androidx.core:core:1.13.1] AndroidManifest.xml:26:5-97
24-->[androidx.core:core:1.13.1] AndroidManifest.xml:26:22-94
25
26    <application
26-->src\main\AndroidManifest.xml:8:5-72:19
27        android:allowBackup="true"
27-->src\main\AndroidManifest.xml:9:9-35
28        android:appComponentFactory="androidx.core.app.CoreComponentFactory"
28-->[androidx.core:core:1.13.1] AndroidManifest.xml:28:18-86
29        android:debuggable="true"
30        android:extractNativeLibs="false"
31        android:icon="@mipmap/ic_launcher"
31-->src\main\AndroidManifest.xml:10:9-43
32        android:label="@string/app_name"
32-->src\main\AndroidManifest.xml:11:9-41
33        android:roundIcon="@mipmap/ic_launcher_round"
33-->src\main\AndroidManifest.xml:12:9-54
34        android:supportsRtl="true"
34-->src\main\AndroidManifest.xml:13:9-35
35        android:testOnly="true"
36        android:theme="@style/AppTheme" >
36-->src\main\AndroidManifest.xml:14:9-40
37        <activity
37-->src\main\AndroidManifest.xml:16:9-22:20
38            android:name="com.pqsolutions.hdd_monitor.LoginActivity"
38-->src\main\AndroidManifest.xml:16:19-48
39            android:exported="true" >
39-->src\main\AndroidManifest.xml:17:13-36
40            <intent-filter>
40-->src\main\AndroidManifest.xml:18:13-21:29
41                <action android:name="android.intent.action.MAIN" />
41-->src\main\AndroidManifest.xml:19:17-69
41-->src\main\AndroidManifest.xml:19:25-66
42
43                <category android:name="android.intent.category.LAUNCHER" />
43-->src\main\AndroidManifest.xml:20:17-77
43-->src\main\AndroidManifest.xml:20:27-74
44            </intent-filter>
45        </activity>
46        <activity
46-->src\main\AndroidManifest.xml:24:9-26:59
47            android:name="com.pqsolutions.hdd_monitor.MainActivity"
47-->src\main\AndroidManifest.xml:24:19-47
48            android:exported="true"
48-->src\main\AndroidManifest.xml:25:13-36
49            android:theme="@style/AppTheme.NoActionBar" />
49-->src\main\AndroidManifest.xml:26:13-56
50        <activity
50-->src\main\AndroidManifest.xml:28:9-30:59
51            android:name="com.pqsolutions.hdd_monitor.EventHistoryActivity"
51-->src\main\AndroidManifest.xml:28:19-55
52            android:exported="true"
52-->src\main\AndroidManifest.xml:29:13-36
53            android:theme="@style/AppTheme.NoActionBar" />
53-->src\main\AndroidManifest.xml:30:13-56
54        <activity
54-->src\main\AndroidManifest.xml:32:9-34:59
55            android:name="com.pqsolutions.hdd_monitor.AdminMainActivity"
55-->src\main\AndroidManifest.xml:32:19-52
56            android:exported="true"
56-->src\main\AndroidManifest.xml:33:13-36
57            android:theme="@style/AppTheme.NoActionBar" />
57-->src\main\AndroidManifest.xml:34:13-56
58        <activity
58-->src\main\AndroidManifest.xml:36:9-38:59
59            android:name="com.pqsolutions.hdd_monitor.AddEditUserActivity"
59-->src\main\AndroidManifest.xml:36:19-54
60            android:exported="true"
60-->src\main\AndroidManifest.xml:37:13-36
61            android:theme="@style/AppTheme.NoActionBar" />
61-->src\main\AndroidManifest.xml:38:13-56
62        <activity
62-->src\main\AndroidManifest.xml:40:9-42:59
63            android:name="com.pqsolutions.hdd_monitor.AlertManagementActivity"
63-->src\main\AndroidManifest.xml:40:19-58
64            android:exported="true"
64-->src\main\AndroidManifest.xml:41:13-36
65            android:theme="@style/AppTheme.NoActionBar" />
65-->src\main\AndroidManifest.xml:42:13-56
66        <activity
66-->src\main\AndroidManifest.xml:44:9-46:59
67            android:name="com.pqsolutions.hdd_monitor.AddEditAlertActivity"
67-->src\main\AndroidManifest.xml:44:19-55
68            android:exported="true"
68-->src\main\AndroidManifest.xml:45:13-36
69            android:theme="@style/AppTheme.NoActionBar" />
69-->src\main\AndroidManifest.xml:46:13-56
70        <activity
70-->src\main\AndroidManifest.xml:48:9-50:59
71            android:name="com.pqsolutions.hdd_monitor.ReportActivity"
71-->src\main\AndroidManifest.xml:48:19-49
72            android:exported="true"
72-->src\main\AndroidManifest.xml:49:13-36
73            android:theme="@style/AppTheme.NoActionBar" />
73-->src\main\AndroidManifest.xml:50:13-56
74        <activity
74-->src\main\AndroidManifest.xml:52:9-54:59
75            android:name="com.pqsolutions.hdd_monitor.EventSchedulerActivity"
75-->src\main\AndroidManifest.xml:52:19-57
76            android:exported="true"
76-->src\main\AndroidManifest.xml:53:13-36
77            android:theme="@style/AppTheme.NoActionBar" />
77-->src\main\AndroidManifest.xml:54:13-56
78        <activity
78-->src\main\AndroidManifest.xml:56:9-58:59
79            android:name="com.pqsolutions.hdd_monitor.UserManagementActivity"
79-->src\main\AndroidManifest.xml:56:19-57
80            android:exported="true"
80-->src\main\AndroidManifest.xml:57:13-36
81            android:theme="@style/AppTheme.NoActionBar" />
81-->src\main\AndroidManifest.xml:58:13-56
82        <activity
82-->src\main\AndroidManifest.xml:60:9-62:59
83            android:name="com.pqsolutions.hdd_monitor.ClientPanelActivity"
83-->src\main\AndroidManifest.xml:60:19-54
84            android:exported="true"
84-->src\main\AndroidManifest.xml:61:13-36
85            android:theme="@style/AppTheme.NoActionBar" />
85-->src\main\AndroidManifest.xml:62:13-56
86
87        <service
87-->src\main\AndroidManifest.xml:64:9-70:19
88            android:name="com.pqsolutions.hdd_monitor.MyFirebaseMessagingService"
88-->src\main\AndroidManifest.xml:65:13-55
89            android:exported="true" >
89-->src\main\AndroidManifest.xml:66:13-36
90            <intent-filter>
90-->src\main\AndroidManifest.xml:67:13-69:29
91                <action android:name="com.google.firebase.MESSAGING_EVENT" />
91-->src\main\AndroidManifest.xml:68:17-78
91-->src\main\AndroidManifest.xml:68:25-75
92            </intent-filter>
93        </service>
94        <service
94-->[com.google.firebase:firebase-firestore-ktx:25.0.0] AndroidManifest.xml:9:9-15:19
95            android:name="com.google.firebase.components.ComponentDiscoveryService"
95-->[com.google.firebase:firebase-firestore-ktx:25.0.0] AndroidManifest.xml:10:13-84
96            android:directBootAware="true"
96-->[com.google.firebase:firebase-common:21.0.0] AndroidManifest.xml:32:13-43
97            android:exported="false" >
97-->[com.google.firebase:firebase-firestore-ktx:25.0.0] AndroidManifest.xml:11:13-37
98            <meta-data
98-->[com.google.firebase:firebase-firestore-ktx:25.0.0] AndroidManifest.xml:12:13-14:85
99                android:name="com.google.firebase.components:com.google.firebase.firestore.ktx.FirebaseFirestoreLegacyRegistrar"
99-->[com.google.firebase:firebase-firestore-ktx:25.0.0] AndroidManifest.xml:13:17-129
100                android:value="com.google.firebase.components.ComponentRegistrar" />
100-->[com.google.firebase:firebase-firestore-ktx:25.0.0] AndroidManifest.xml:14:17-82
101            <meta-data
101-->[com.google.firebase:firebase-auth:23.0.0] AndroidManifest.xml:69:13-71:85
102                android:name="com.google.firebase.components:com.google.firebase.auth.FirebaseAuthRegistrar"
102-->[com.google.firebase:firebase-auth:23.0.0] AndroidManifest.xml:70:17-109
103                android:value="com.google.firebase.components.ComponentRegistrar" />
103-->[com.google.firebase:firebase-auth:23.0.0] AndroidManifest.xml:71:17-82
104            <meta-data
104-->[com.google.firebase:firebase-messaging:24.0.0] AndroidManifest.xml:57:13-59:85
105                android:name="com.google.firebase.components:com.google.firebase.messaging.FirebaseMessagingKtxRegistrar"
105-->[com.google.firebase:firebase-messaging:24.0.0] AndroidManifest.xml:58:17-122
106                android:value="com.google.firebase.components.ComponentRegistrar" />
106-->[com.google.firebase:firebase-messaging:24.0.0] AndroidManifest.xml:59:17-82
107            <meta-data
107-->[com.google.firebase:firebase-messaging:24.0.0] AndroidManifest.xml:60:13-62:85
108                android:name="com.google.firebase.components:com.google.firebase.messaging.FirebaseMessagingRegistrar"
108-->[com.google.firebase:firebase-messaging:24.0.0] AndroidManifest.xml:61:17-119
109                android:value="com.google.firebase.components.ComponentRegistrar" />
109-->[com.google.firebase:firebase-messaging:24.0.0] AndroidManifest.xml:62:17-82
110            <meta-data
110-->[com.google.firebase:firebase-firestore:25.0.0] AndroidManifest.xml:17:13-19:85
111                android:name="com.google.firebase.components:com.google.firebase.firestore.FirebaseFirestoreKtxRegistrar"
111-->[com.google.firebase:firebase-firestore:25.0.0] AndroidManifest.xml:18:17-122
112                android:value="com.google.firebase.components.ComponentRegistrar" />
112-->[com.google.firebase:firebase-firestore:25.0.0] AndroidManifest.xml:19:17-82
113            <meta-data
113-->[com.google.firebase:firebase-firestore:25.0.0] AndroidManifest.xml:20:13-22:85
114                android:name="com.google.firebase.components:com.google.firebase.firestore.FirestoreRegistrar"
114-->[com.google.firebase:firebase-firestore:25.0.0] AndroidManifest.xml:21:17-111
115                android:value="com.google.firebase.components.ComponentRegistrar" />
115-->[com.google.firebase:firebase-firestore:25.0.0] AndroidManifest.xml:22:17-82
116            <meta-data
116-->[com.google.firebase:firebase-installations:18.0.0] AndroidManifest.xml:15:13-17:85
117                android:name="com.google.firebase.components:com.google.firebase.installations.FirebaseInstallationsKtxRegistrar"
117-->[com.google.firebase:firebase-installations:18.0.0] AndroidManifest.xml:16:17-130
118                android:value="com.google.firebase.components.ComponentRegistrar" />
118-->[com.google.firebase:firebase-installations:18.0.0] AndroidManifest.xml:17:17-82
119            <meta-data
119-->[com.google.firebase:firebase-installations:18.0.0] AndroidManifest.xml:18:13-20:85
120                android:name="com.google.firebase.components:com.google.firebase.installations.FirebaseInstallationsRegistrar"
120-->[com.google.firebase:firebase-installations:18.0.0] AndroidManifest.xml:19:17-127
121                android:value="com.google.firebase.components.ComponentRegistrar" />
121-->[com.google.firebase:firebase-installations:18.0.0] AndroidManifest.xml:20:17-82
122            <meta-data
122-->[com.google.firebase:firebase-common-ktx:21.0.0] AndroidManifest.xml:12:13-14:85
123                android:name="com.google.firebase.components:com.google.firebase.ktx.FirebaseCommonLegacyRegistrar"
123-->[com.google.firebase:firebase-common-ktx:21.0.0] AndroidManifest.xml:13:17-116
124                android:value="com.google.firebase.components.ComponentRegistrar" />
124-->[com.google.firebase:firebase-common-ktx:21.0.0] AndroidManifest.xml:14:17-82
125            <meta-data
125-->[com.google.firebase:firebase-common:21.0.0] AndroidManifest.xml:35:13-37:85
126                android:name="com.google.firebase.components:com.google.firebase.FirebaseCommonKtxRegistrar"
126-->[com.google.firebase:firebase-common:21.0.0] AndroidManifest.xml:36:17-109
127                android:value="com.google.firebase.components.ComponentRegistrar" />
127-->[com.google.firebase:firebase-common:21.0.0] AndroidManifest.xml:37:17-82
128            <meta-data
128-->[com.google.firebase:firebase-datatransport:18.2.0] AndroidManifest.xml:25:13-27:85
129                android:name="com.google.firebase.components:com.google.firebase.datatransport.TransportRegistrar"
129-->[com.google.firebase:firebase-datatransport:18.2.0] AndroidManifest.xml:26:17-115
130                android:value="com.google.firebase.components.ComponentRegistrar" />
130-->[com.google.firebase:firebase-datatransport:18.2.0] AndroidManifest.xml:27:17-82
131        </service>
132
133        <activity
133-->[com.google.firebase:firebase-auth:23.0.0] AndroidManifest.xml:29:9-46:20
134            android:name="com.google.firebase.auth.internal.GenericIdpActivity"
134-->[com.google.firebase:firebase-auth:23.0.0] AndroidManifest.xml:30:13-80
135            android:excludeFromRecents="true"
135-->[com.google.firebase:firebase-auth:23.0.0] AndroidManifest.xml:31:13-46
136            android:exported="true"
136-->[com.google.firebase:firebase-auth:23.0.0] AndroidManifest.xml:32:13-36
137            android:launchMode="singleTask"
137-->[com.google.firebase:firebase-auth:23.0.0] AndroidManifest.xml:33:13-44
138            android:theme="@android:style/Theme.Translucent.NoTitleBar" >
138-->[com.google.firebase:firebase-auth:23.0.0] AndroidManifest.xml:34:13-72
139            <intent-filter>
139-->[com.google.firebase:firebase-auth:23.0.0] AndroidManifest.xml:35:13-45:29
140                <action android:name="android.intent.action.VIEW" />
140-->[com.google.firebase:firebase-auth:23.0.0] AndroidManifest.xml:36:17-69
140-->[com.google.firebase:firebase-auth:23.0.0] AndroidManifest.xml:36:25-66
141
142                <category android:name="android.intent.category.DEFAULT" />
142-->[com.google.firebase:firebase-auth:23.0.0] AndroidManifest.xml:38:17-76
142-->[com.google.firebase:firebase-auth:23.0.0] AndroidManifest.xml:38:27-73
143                <category android:name="android.intent.category.BROWSABLE" />
143-->[com.google.firebase:firebase-auth:23.0.0] AndroidManifest.xml:39:17-78
143-->[com.google.firebase:firebase-auth:23.0.0] AndroidManifest.xml:39:27-75
144
145                <data
145-->[com.google.firebase:firebase-auth:23.0.0] AndroidManifest.xml:41:17-44:51
146                    android:host="firebase.auth"
146-->[com.google.firebase:firebase-auth:23.0.0] AndroidManifest.xml:42:21-49
147                    android:path="/"
147-->[com.google.firebase:firebase-auth:23.0.0] AndroidManifest.xml:43:21-37
148                    android:scheme="genericidp" />
148-->[com.google.firebase:firebase-auth:23.0.0] AndroidManifest.xml:44:21-48
149            </intent-filter>
150        </activity>
151        <activity
151-->[com.google.firebase:firebase-auth:23.0.0] AndroidManifest.xml:47:9-64:20
152            android:name="com.google.firebase.auth.internal.RecaptchaActivity"
152-->[com.google.firebase:firebase-auth:23.0.0] AndroidManifest.xml:48:13-79
153            android:excludeFromRecents="true"
153-->[com.google.firebase:firebase-auth:23.0.0] AndroidManifest.xml:49:13-46
154            android:exported="true"
154-->[com.google.firebase:firebase-auth:23.0.0] AndroidManifest.xml:50:13-36
155            android:launchMode="singleTask"
155-->[com.google.firebase:firebase-auth:23.0.0] AndroidManifest.xml:51:13-44
156            android:theme="@android:style/Theme.Translucent.NoTitleBar" >
156-->[com.google.firebase:firebase-auth:23.0.0] AndroidManifest.xml:52:13-72
157            <intent-filter>
157-->[com.google.firebase:firebase-auth:23.0.0] AndroidManifest.xml:53:13-63:29
158                <action android:name="android.intent.action.VIEW" />
158-->[com.google.firebase:firebase-auth:23.0.0] AndroidManifest.xml:36:17-69
158-->[com.google.firebase:firebase-auth:23.0.0] AndroidManifest.xml:36:25-66
159
160                <category android:name="android.intent.category.DEFAULT" />
160-->[com.google.firebase:firebase-auth:23.0.0] AndroidManifest.xml:38:17-76
160-->[com.google.firebase:firebase-auth:23.0.0] AndroidManifest.xml:38:27-73
161                <category android:name="android.intent.category.BROWSABLE" />
161-->[com.google.firebase:firebase-auth:23.0.0] AndroidManifest.xml:39:17-78
161-->[com.google.firebase:firebase-auth:23.0.0] AndroidManifest.xml:39:27-75
162
163                <data
163-->[com.google.firebase:firebase-auth:23.0.0] AndroidManifest.xml:41:17-44:51
164                    android:host="firebase.auth"
164-->[com.google.firebase:firebase-auth:23.0.0] AndroidManifest.xml:42:21-49
165                    android:path="/"
165-->[com.google.firebase:firebase-auth:23.0.0] AndroidManifest.xml:43:21-37
166                    android:scheme="recaptcha" />
166-->[com.google.firebase:firebase-auth:23.0.0] AndroidManifest.xml:44:21-48
167            </intent-filter>
168        </activity>
169
170        <receiver
170-->[com.google.firebase:firebase-messaging:24.0.0] AndroidManifest.xml:29:9-40:20
171            android:name="com.google.firebase.iid.FirebaseInstanceIdReceiver"
171-->[com.google.firebase:firebase-messaging:24.0.0] AndroidManifest.xml:30:13-78
172            android:exported="true"
172-->[com.google.firebase:firebase-messaging:24.0.0] AndroidManifest.xml:31:13-36
173            android:permission="com.google.android.c2dm.permission.SEND" >
173-->[com.google.firebase:firebase-messaging:24.0.0] AndroidManifest.xml:32:13-73
174            <intent-filter>
174-->[com.google.firebase:firebase-messaging:24.0.0] AndroidManifest.xml:33:13-35:29
175                <action android:name="com.google.android.c2dm.intent.RECEIVE" />
175-->[com.google.firebase:firebase-messaging:24.0.0] AndroidManifest.xml:34:17-81
175-->[com.google.firebase:firebase-messaging:24.0.0] AndroidManifest.xml:34:25-78
176            </intent-filter>
177
178            <meta-data
178-->[com.google.firebase:firebase-messaging:24.0.0] AndroidManifest.xml:37:13-39:40
179                android:name="com.google.android.gms.cloudmessaging.FINISHED_AFTER_HANDLED"
179-->[com.google.firebase:firebase-messaging:24.0.0] AndroidManifest.xml:38:17-92
180                android:value="true" />
180-->[com.google.firebase:firebase-messaging:24.0.0] AndroidManifest.xml:39:17-37
181        </receiver>
182        <!--
183             FirebaseMessagingService performs security checks at runtime,
184             but set to not exported to explicitly avoid allowing another app to call it.
185        -->
186        <service
186-->[com.google.firebase:firebase-messaging:24.0.0] AndroidManifest.xml:46:9-53:19
187            android:name="com.google.firebase.messaging.FirebaseMessagingService"
187-->[com.google.firebase:firebase-messaging:24.0.0] AndroidManifest.xml:47:13-82
188            android:directBootAware="true"
188-->[com.google.firebase:firebase-messaging:24.0.0] AndroidManifest.xml:48:13-43
189            android:exported="false" >
189-->[com.google.firebase:firebase-messaging:24.0.0] AndroidManifest.xml:49:13-37
190            <intent-filter android:priority="-500" >
190-->src\main\AndroidManifest.xml:67:13-69:29
191                <action android:name="com.google.firebase.MESSAGING_EVENT" />
191-->src\main\AndroidManifest.xml:68:17-78
191-->src\main\AndroidManifest.xml:68:25-75
192            </intent-filter>
193        </service>
194        <service
194-->[androidx.credentials:credentials-play-services-auth:1.2.0-rc01] AndroidManifest.xml:24:9-32:19
195            android:name="androidx.credentials.playservices.CredentialProviderMetadataHolder"
195-->[androidx.credentials:credentials-play-services-auth:1.2.0-rc01] AndroidManifest.xml:25:13-94
196            android:enabled="true"
196-->[androidx.credentials:credentials-play-services-auth:1.2.0-rc01] AndroidManifest.xml:26:13-35
197            android:exported="false" >
197-->[androidx.credentials:credentials-play-services-auth:1.2.0-rc01] AndroidManifest.xml:27:13-37
198            <meta-data
198-->[androidx.credentials:credentials-play-services-auth:1.2.0-rc01] AndroidManifest.xml:29:13-31:104
199                android:name="androidx.credentials.CREDENTIAL_PROVIDER_KEY"
199-->[androidx.credentials:credentials-play-services-auth:1.2.0-rc01] AndroidManifest.xml:30:17-76
200                android:value="androidx.credentials.playservices.CredentialProviderPlayServicesImpl" />
200-->[androidx.credentials:credentials-play-services-auth:1.2.0-rc01] AndroidManifest.xml:31:17-101
201        </service>
202
203        <activity
203-->[androidx.credentials:credentials-play-services-auth:1.2.0-rc01] AndroidManifest.xml:34:9-41:20
204            android:name="androidx.credentials.playservices.HiddenActivity"
204-->[androidx.credentials:credentials-play-services-auth:1.2.0-rc01] AndroidManifest.xml:35:13-76
205            android:configChanges="orientation|screenSize|screenLayout|keyboardHidden"
205-->[androidx.credentials:credentials-play-services-auth:1.2.0-rc01] AndroidManifest.xml:36:13-87
206            android:enabled="true"
206-->[androidx.credentials:credentials-play-services-auth:1.2.0-rc01] AndroidManifest.xml:37:13-35
207            android:exported="false"
207-->[androidx.credentials:credentials-play-services-auth:1.2.0-rc01] AndroidManifest.xml:38:13-37
208            android:fitsSystemWindows="true"
208-->[androidx.credentials:credentials-play-services-auth:1.2.0-rc01] AndroidManifest.xml:39:13-45
209            android:theme="@style/Theme.Hidden" >
209-->[androidx.credentials:credentials-play-services-auth:1.2.0-rc01] AndroidManifest.xml:40:13-48
210        </activity>
211        <activity
211-->[com.google.android.gms:play-services-auth:20.7.0] AndroidManifest.xml:23:9-27:75
212            android:name="com.google.android.gms.auth.api.signin.internal.SignInHubActivity"
212-->[com.google.android.gms:play-services-auth:20.7.0] AndroidManifest.xml:24:13-93
213            android:excludeFromRecents="true"
213-->[com.google.android.gms:play-services-auth:20.7.0] AndroidManifest.xml:25:13-46
214            android:exported="false"
214-->[com.google.android.gms:play-services-auth:20.7.0] AndroidManifest.xml:26:13-37
215            android:theme="@android:style/Theme.Translucent.NoTitleBar" />
215-->[com.google.android.gms:play-services-auth:20.7.0] AndroidManifest.xml:27:13-72
216        <!--
217            Service handling Google Sign-In user revocation. For apps that do not integrate with
218            Google Sign-In, this service will never be started.
219        -->
220        <service
220-->[com.google.android.gms:play-services-auth:20.7.0] AndroidManifest.xml:33:9-37:51
221            android:name="com.google.android.gms.auth.api.signin.RevocationBoundService"
221-->[com.google.android.gms:play-services-auth:20.7.0] AndroidManifest.xml:34:13-89
222            android:exported="true"
222-->[com.google.android.gms:play-services-auth:20.7.0] AndroidManifest.xml:35:13-36
223            android:permission="com.google.android.gms.auth.api.signin.permission.REVOCATION_NOTIFICATION"
223-->[com.google.android.gms:play-services-auth:20.7.0] AndroidManifest.xml:36:13-107
224            android:visibleToInstantApps="true" />
224-->[com.google.android.gms:play-services-auth:20.7.0] AndroidManifest.xml:37:13-48
225
226        <provider
226-->[com.google.firebase:firebase-common:21.0.0] AndroidManifest.xml:23:9-28:39
227            android:name="com.google.firebase.provider.FirebaseInitProvider"
227-->[com.google.firebase:firebase-common:21.0.0] AndroidManifest.xml:24:13-77
228            android:authorities="com.pqsolutions.hdd_monitor.firebaseinitprovider"
228-->[com.google.firebase:firebase-common:21.0.0] AndroidManifest.xml:25:13-72
229            android:directBootAware="true"
229-->[com.google.firebase:firebase-common:21.0.0] AndroidManifest.xml:26:13-43
230            android:exported="false"
230-->[com.google.firebase:firebase-common:21.0.0] AndroidManifest.xml:27:13-37
231            android:initOrder="100" />
231-->[com.google.firebase:firebase-common:21.0.0] AndroidManifest.xml:28:13-36
232
233        <activity
233-->[com.google.android.gms:play-services-base:18.0.1] AndroidManifest.xml:20:9-22:45
234            android:name="com.google.android.gms.common.api.GoogleApiActivity"
234-->[com.google.android.gms:play-services-base:18.0.1] AndroidManifest.xml:20:19-85
235            android:exported="false"
235-->[com.google.android.gms:play-services-base:18.0.1] AndroidManifest.xml:22:19-43
236            android:theme="@android:style/Theme.Translucent.NoTitleBar" />
236-->[com.google.android.gms:play-services-base:18.0.1] AndroidManifest.xml:21:19-78
237
238        <provider
238-->[androidx.emoji2:emoji2:1.3.0] AndroidManifest.xml:24:9-32:20
239            android:name="androidx.startup.InitializationProvider"
239-->[androidx.emoji2:emoji2:1.3.0] AndroidManifest.xml:25:13-67
240            android:authorities="com.pqsolutions.hdd_monitor.androidx-startup"
240-->[androidx.emoji2:emoji2:1.3.0] AndroidManifest.xml:26:13-68
241            android:exported="false" >
241-->[androidx.emoji2:emoji2:1.3.0] AndroidManifest.xml:27:13-37
242            <meta-data
242-->[androidx.emoji2:emoji2:1.3.0] AndroidManifest.xml:29:13-31:52
243                android:name="androidx.emoji2.text.EmojiCompatInitializer"
243-->[androidx.emoji2:emoji2:1.3.0] AndroidManifest.xml:30:17-75
244                android:value="androidx.startup" />
244-->[androidx.emoji2:emoji2:1.3.0] AndroidManifest.xml:31:17-49
245            <meta-data
245-->[androidx.lifecycle:lifecycle-process:2.8.0] AndroidManifest.xml:29:13-31:52
246                android:name="androidx.lifecycle.ProcessLifecycleInitializer"
246-->[androidx.lifecycle:lifecycle-process:2.8.0] AndroidManifest.xml:30:17-78
247                android:value="androidx.startup" />
247-->[androidx.lifecycle:lifecycle-process:2.8.0] AndroidManifest.xml:31:17-49
248            <meta-data
248-->[androidx.profileinstaller:profileinstaller:1.3.1] AndroidManifest.xml:29:13-31:52
249                android:name="androidx.profileinstaller.ProfileInstallerInitializer"
249-->[androidx.profileinstaller:profileinstaller:1.3.1] AndroidManifest.xml:30:17-85
250                android:value="androidx.startup" />
250-->[androidx.profileinstaller:profileinstaller:1.3.1] AndroidManifest.xml:31:17-49
251        </provider>
252
253        <meta-data
253-->[com.google.android.gms:play-services-basement:18.3.0] AndroidManifest.xml:21:9-23:69
254            android:name="com.google.android.gms.version"
254-->[com.google.android.gms:play-services-basement:18.3.0] AndroidManifest.xml:22:13-58
255            android:value="@integer/google_play_services_version" />
255-->[com.google.android.gms:play-services-basement:18.3.0] AndroidManifest.xml:23:13-66
256
257        <service
257-->[com.google.android.datatransport:transport-backend-cct:3.1.9] AndroidManifest.xml:28:9-34:19
258            android:name="com.google.android.datatransport.runtime.backends.TransportBackendDiscovery"
258-->[com.google.android.datatransport:transport-backend-cct:3.1.9] AndroidManifest.xml:29:13-103
259            android:exported="false" >
259-->[com.google.android.datatransport:transport-backend-cct:3.1.9] AndroidManifest.xml:30:13-37
260            <meta-data
260-->[com.google.android.datatransport:transport-backend-cct:3.1.9] AndroidManifest.xml:31:13-33:39
261                android:name="backend:com.google.android.datatransport.cct.CctBackendFactory"
261-->[com.google.android.datatransport:transport-backend-cct:3.1.9] AndroidManifest.xml:32:17-94
262                android:value="cct" />
262-->[com.google.android.datatransport:transport-backend-cct:3.1.9] AndroidManifest.xml:33:17-36
263        </service>
264        <service
264-->[com.google.android.datatransport:transport-runtime:3.1.9] AndroidManifest.xml:26:9-30:19
265            android:name="com.google.android.datatransport.runtime.scheduling.jobscheduling.JobInfoSchedulerService"
265-->[com.google.android.datatransport:transport-runtime:3.1.9] AndroidManifest.xml:27:13-117
266            android:exported="false"